<?xml version="1.0" encoding="UTF-8" ?>
<testsuites>
 <testsuite name="Helpers Test" timestamp="2017-03-05T09:15:31" hostname="localhost" time="0.01" errors="0" tests="2" skipped="0" disabled="0" failures="0">
  <testcase classname="Helpers Test" name="should check types" time="0.005" />
  <testcase classname="Helpers Test" name="should check negative/positive" time="0.001" />
 </testsuite>
</testsuites>