<?xml version="1.0" encoding="UTF-8" ?>
<testsuites>
 <testsuite name="Calculator Suite" timestamp="2016-03-18T17:39:56" hostname="localhost" time="0.007" errors="0" tests="4" skipped="4" disabled="0" failures="0">
  <testcase classname="Calculator Suite" name="should add numbers" time="0.002">
   <skipped />
  </testcase>
  <testcase classname="Calculator Suite" name="should execute async spec..." time="0.001">
   <skipped />
  </testcase>
  <testcase classname="Calculator Suite" name="should subtract numbers" time="0">
   <skipped />
  </testcase>
  <testcase classname="Calculator Suite" name="should multiply numbers (final)" time="0">
   <skipped />
  </testcase>
 </testsuite>
</testsuites>